Pga 0.8.2
==================================================================================
Input: /home/hadoop/workspace/GraphSurf2/Data/
Workdir: /home/hadoop/workspace/GraphSurf2/ass/
localBasePath: work/
HADOOP_MAPPERS = 50
HADOOP_REDUCERS = 50
HADOOP_JAVA_OPTS = -Xmx1000m
HADOOP_TIMEOUT = 3600000
HADOOP_LOCALNODES = 1000
RESTART_INITIAL = 0
RESTART_TIP = 0
RESTART_TIP_REMAIN = 0
RESTART_COMPRESS = 0
RESTART_COMPRESS_REMAIN = 0
RESTART_SCAFF_PHASE = 0
RESTART_SCAFF_STAGE = null
RESTART_SCAFF_FRONTIER = 0
PREPROCESS_SUFFIX = 0
K = 27
MAXR5 = 250
MAXTHREADREADS = 30
TRIM5 = 0
TRIM3 = 0
RECORD_ALL_THREADS = 0
TIPLENGTH = 81
MAXBUBBLELEN = 135
BUBBLEEDITRATE = 0.05
LOW_COV_THRESH = 5.0
MAX_LOW_COV_LEN = 54
MIN_THREAD_WEIGHT = 5
INSERT_LEN = 180
MIN_WIGGLE = 15
MIN_CTG_LEN = 27
MIN_UNIQUE_COV = 10.0
MAX_UNIQUE_COV = 30.0
MAX_FRONTIER = 15
RUN_STATS = null
N50_TARGET = -1
CONVERT_FA = null
PRINT_FA = null
FASTA_MIN_LEN = 100
FASTA_MIN_COV = 2.0
CLUSTER-NODES LIST = localhost:2181,localhost:2181
== Starting time 2014-10-14 17:01:47
----------Category GraphBuild starts at:Tue Oct 14 17:01:47 CDT 2014----------
Preprocess /home/hadoop/workspace/GraphSurf2/Data/:	Pga 0.8.2
==================================================================================
Input: /home/hadoop/workspace/GraphSurf2/Data/
Workdir: /home/hadoop/workspace/GraphSurf2/ass/
localBasePath: work/
HADOOP_MAPPERS = 50
HADOOP_REDUCERS = 50
HADOOP_JAVA_OPTS = -Xmx1000m
HADOOP_TIMEOUT = 3600000
HADOOP_LOCALNODES = 1000
RESTART_INITIAL = 0
RESTART_TIP = 0
RESTART_TIP_REMAIN = 0
RESTART_COMPRESS = 0
RESTART_COMPRESS_REMAIN = 0
RESTART_SCAFF_PHASE = 0
RESTART_SCAFF_STAGE = null
RESTART_SCAFF_FRONTIER = 0
PREPROCESS_SUFFIX = 0
K = 27
MAXR5 = 250
MAXTHREADREADS = 30
TRIM5 = 0
TRIM3 = 0
RECORD_ALL_THREADS = 0
TIPLENGTH = 81
MAXBUBBLELEN = 135
BUBBLEEDITRATE = 0.05
LOW_COV_THRESH = 5.0
MAX_LOW_COV_LEN = 54
MIN_THREAD_WEIGHT = 5
INSERT_LEN = 180
MIN_WIGGLE = 15
MIN_CTG_LEN = 27
MIN_UNIQUE_COV = 10.0
MAX_UNIQUE_COV = 30.0
MAX_FRONTIER = 15
RUN_STATS = null
N50_TARGET = -1
CONVERT_FA = null
PRINT_FA = null
FASTA_MIN_LEN = 100
FASTA_MIN_COV = 2.0
CLUSTER-NODES LIST = localhost:2181,localhost:2181
== Starting time 2014-10-14 17:03:46
----------Category GraphBuild starts at:Tue Oct 14 17:03:46 CDT 2014----------
Preprocess /home/hadoop/workspace/GraphSurf2/Data/:	Pga 0.8.2
==================================================================================
Input: /home/hadoop/workspace/GraphSurf2/Data/
Workdir: /home/hadoop/workspace/GraphSurf2/ass/
localBasePath: work/
HADOOP_MAPPERS = 50
HADOOP_REDUCERS = 50
HADOOP_JAVA_OPTS = -Xmx1000m
HADOOP_TIMEOUT = 3600000
HADOOP_LOCALNODES = 1000
RESTART_INITIAL = 0
RESTART_TIP = 0
RESTART_TIP_REMAIN = 0
RESTART_COMPRESS = 0
RESTART_COMPRESS_REMAIN = 0
RESTART_SCAFF_PHASE = 0
RESTART_SCAFF_STAGE = null
RESTART_SCAFF_FRONTIER = 0
PREPROCESS_SUFFIX = 0
K = 27
MAXR5 = 250
MAXTHREADREADS = 30
TRIM5 = 0
TRIM3 = 0
RECORD_ALL_THREADS = 0
TIPLENGTH = 81
MAXBUBBLELEN = 135
BUBBLEEDITRATE = 0.05
LOW_COV_THRESH = 5.0
MAX_LOW_COV_LEN = 54
MIN_THREAD_WEIGHT = 5
INSERT_LEN = 180
MIN_WIGGLE = 15
MIN_CTG_LEN = 27
MIN_UNIQUE_COV = 10.0
MAX_UNIQUE_COV = 30.0
MAX_FRONTIER = 15
RUN_STATS = null
N50_TARGET = -1
CONVERT_FA = null
PRINT_FA = null
FASTA_MIN_LEN = 100
FASTA_MIN_COV = 2.0
CLUSTER-NODES LIST = localhost:2181,localhost:2181
== Starting time 2014-10-14 17:05:18
----------Category ErrorCorrection starts at:Tue Oct 14 17:05:18 CDT 2014----------
  Quick Merge:	Pga 0.8.2
==================================================================================
Input: /home/hadoop/workspace/GraphSurf2/Data/
Workdir: /home/hadoop/workspace/GraphSurf2/ass/
localBasePath: work/
HADOOP_MAPPERS = 50
HADOOP_REDUCERS = 50
HADOOP_JAVA_OPTS = -Xmx1000m
HADOOP_TIMEOUT = 3600000
HADOOP_LOCALNODES = 1000
RESTART_INITIAL = 0
RESTART_TIP = 0
RESTART_TIP_REMAIN = 0
RESTART_COMPRESS = 0
RESTART_COMPRESS_REMAIN = 0
RESTART_SCAFF_PHASE = 0
RESTART_SCAFF_STAGE = null
RESTART_SCAFF_FRONTIER = 0
PREPROCESS_SUFFIX = 0
K = 27
MAXR5 = 250
MAXTHREADREADS = 30
TRIM5 = 0
TRIM3 = 0
RECORD_ALL_THREADS = 0
TIPLENGTH = 81
MAXBUBBLELEN = 135
BUBBLEEDITRATE = 0.05
LOW_COV_THRESH = 5.0
MAX_LOW_COV_LEN = 54
MIN_THREAD_WEIGHT = 5
INSERT_LEN = 180
MIN_WIGGLE = 15
MIN_CTG_LEN = 27
MIN_UNIQUE_COV = 10.0
MAX_UNIQUE_COV = 30.0
MAX_FRONTIER = 15
RUN_STATS = null
N50_TARGET = -1
CONVERT_FA = null
PRINT_FA = null
FASTA_MIN_LEN = 100
FASTA_MIN_COV = 2.0
CLUSTER-NODES LIST = localhost:2181,localhost:2181
== Starting time 2014-10-15 00:54:13
----------Category ErrorCorrection starts at:Wed Oct 15 00:54:13 CDT 2014----------
  Quick Merge:	Pga 0.8.2
==================================================================================
Input: /home/hadoop/workspace/GraphSurf2/Data/
Workdir: /home/hadoop/workspace/GraphSurf2/ass/
localBasePath: work/
HADOOP_MAPPERS = 50
HADOOP_REDUCERS = 50
HADOOP_JAVA_OPTS = -Xmx1000m
HADOOP_TIMEOUT = 3600000
HADOOP_LOCALNODES = 1000
RESTART_INITIAL = 0
RESTART_TIP = 0
RESTART_TIP_REMAIN = 0
RESTART_COMPRESS = 0
RESTART_COMPRESS_REMAIN = 0
RESTART_SCAFF_PHASE = 0
RESTART_SCAFF_STAGE = null
RESTART_SCAFF_FRONTIER = 0
PREPROCESS_SUFFIX = 0
K = 27
MAXR5 = 250
MAXTHREADREADS = 30
TRIM5 = 0
TRIM3 = 0
RECORD_ALL_THREADS = 0
TIPLENGTH = 81
MAXBUBBLELEN = 135
BUBBLEEDITRATE = 0.05
LOW_COV_THRESH = 5.0
MAX_LOW_COV_LEN = 54
MIN_THREAD_WEIGHT = 5
INSERT_LEN = 180
MIN_WIGGLE = 15
MIN_CTG_LEN = 27
MIN_UNIQUE_COV = 10.0
MAX_UNIQUE_COV = 30.0
MAX_FRONTIER = 15
RUN_STATS = null
N50_TARGET = -1
CONVERT_FA = null
PRINT_FA = null
FASTA_MIN_LEN = 100
FASTA_MIN_COV = 2.0
CLUSTER-NODES LIST = localhost:2181,localhost:2181
== Starting time 2014-10-15 00:56:05
----------Category GraphBuild starts at:Wed Oct 15 00:56:05 CDT 2014----------
Preprocess /home/hadoop/workspace/GraphSurf2/Data/:	Pga 0.8.2
==================================================================================
Input: /home/hadoop/workspace/GraphSurf2/Data/
Workdir: /home/hadoop/workspace/GraphSurf2/ass/
localBasePath: work/
HADOOP_MAPPERS = 50
HADOOP_REDUCERS = 50
HADOOP_JAVA_OPTS = -Xmx1000m
HADOOP_TIMEOUT = 3600000
HADOOP_LOCALNODES = 1000
RESTART_INITIAL = 0
RESTART_TIP = 0
RESTART_TIP_REMAIN = 0
RESTART_COMPRESS = 0
RESTART_COMPRESS_REMAIN = 0
RESTART_SCAFF_PHASE = 0
RESTART_SCAFF_STAGE = null
RESTART_SCAFF_FRONTIER = 0
PREPROCESS_SUFFIX = 0
K = 27
MAXR5 = 250
MAXTHREADREADS = 30
TRIM5 = 0
TRIM3 = 0
RECORD_ALL_THREADS = 0
TIPLENGTH = 81
MAXBUBBLELEN = 135
BUBBLEEDITRATE = 0.05
LOW_COV_THRESH = 5.0
MAX_LOW_COV_LEN = 54
MIN_THREAD_WEIGHT = 5
INSERT_LEN = 180
MIN_WIGGLE = 15
MIN_CTG_LEN = 27
MIN_UNIQUE_COV = 10.0
MAX_UNIQUE_COV = 30.0
MAX_FRONTIER = 15
RUN_STATS = null
N50_TARGET = -1
CONVERT_FA = null
PRINT_FA = null
FASTA_MIN_LEN = 100
FASTA_MIN_COV = 2.0
CLUSTER-NODES LIST = localhost:2181,localhost:2181
== Starting time 2014-10-15 01:10:50
----------Category ErrorCorrection starts at:Wed Oct 15 01:10:50 CDT 2014----------
  Quick Merge:	Pga 0.8.2
==================================================================================
Input: /home/hadoop/workspace/GraphSurf2/Data/
Workdir: /home/hadoop/workspace/GraphSurf2/ass/
localBasePath: work/
HADOOP_MAPPERS = 50
HADOOP_REDUCERS = 50
HADOOP_JAVA_OPTS = -Xmx1000m
HADOOP_TIMEOUT = 3600000
HADOOP_LOCALNODES = 1000
RESTART_INITIAL = 0
RESTART_TIP = 0
RESTART_TIP_REMAIN = 0
RESTART_COMPRESS = 0
RESTART_COMPRESS_REMAIN = 0
RESTART_SCAFF_PHASE = 0
RESTART_SCAFF_STAGE = null
RESTART_SCAFF_FRONTIER = 0
PREPROCESS_SUFFIX = 0
K = 27
MAXR5 = 250
MAXTHREADREADS = 30
TRIM5 = 0
TRIM3 = 0
RECORD_ALL_THREADS = 0
TIPLENGTH = 81
MAXBUBBLELEN = 135
BUBBLEEDITRATE = 0.05
LOW_COV_THRESH = 5.0
MAX_LOW_COV_LEN = 54
MIN_THREAD_WEIGHT = 5
INSERT_LEN = 180
MIN_WIGGLE = 15
MIN_CTG_LEN = 27
MIN_UNIQUE_COV = 10.0
MAX_UNIQUE_COV = 30.0
MAX_FRONTIER = 15
RUN_STATS = null
N50_TARGET = -1
CONVERT_FA = null
PRINT_FA = null
FASTA_MIN_LEN = 100
FASTA_MIN_COV = 2.0
CLUSTER-NODES LIST = localhost:2181,localhost:2181
== Starting time 2014-10-15 01:20:42
----------Category ErrorCorrection starts at:Wed Oct 15 01:20:42 CDT 2014----------
  Quick Merge:	Pga 0.8.2
==================================================================================
Input: /home/hadoop/workspace/GraphSurf2/Data/
Workdir: /home/hadoop/workspace/GraphSurf2/ass/
localBasePath: work/
HADOOP_MAPPERS = 50
HADOOP_REDUCERS = 50
HADOOP_JAVA_OPTS = -Xmx1000m
HADOOP_TIMEOUT = 3600000
HADOOP_LOCALNODES = 1000
RESTART_INITIAL = 0
RESTART_TIP = 0
RESTART_TIP_REMAIN = 0
RESTART_COMPRESS = 0
RESTART_COMPRESS_REMAIN = 0
RESTART_SCAFF_PHASE = 0
RESTART_SCAFF_STAGE = null
RESTART_SCAFF_FRONTIER = 0
PREPROCESS_SUFFIX = 0
K = 27
MAXR5 = 250
MAXTHREADREADS = 30
TRIM5 = 0
TRIM3 = 0
RECORD_ALL_THREADS = 0
TIPLENGTH = 81
MAXBUBBLELEN = 135
BUBBLEEDITRATE = 0.05
LOW_COV_THRESH = 5.0
MAX_LOW_COV_LEN = 54
MIN_THREAD_WEIGHT = 5
INSERT_LEN = 180
MIN_WIGGLE = 15
MIN_CTG_LEN = 27
MIN_UNIQUE_COV = 10.0
MAX_UNIQUE_COV = 30.0
MAX_FRONTIER = 15
RUN_STATS = null
N50_TARGET = -1
CONVERT_FA = null
PRINT_FA = null
FASTA_MIN_LEN = 100
FASTA_MIN_COV = 2.0

== Starting time 2014-10-15 12:06:00
----------Category ErrorCorrection starts at:Wed Oct 15 12:06:00 CDT 2014----------
  Quick Merge:	Pga 0.8.2
==================================================================================
Input: /home/hadoop/workspace/GraphSurf2/Data/
Workdir: /home/hadoop/workspace/GraphSurf2/ass/
localBasePath: work/
HADOOP_MAPPERS = 50
HADOOP_REDUCERS = 50
HADOOP_JAVA_OPTS = -Xmx1000m
HADOOP_TIMEOUT = 3600000
HADOOP_LOCALNODES = 1000
RESTART_INITIAL = 0
RESTART_TIP = 0
RESTART_TIP_REMAIN = 0
RESTART_COMPRESS = 0
RESTART_COMPRESS_REMAIN = 0
RESTART_SCAFF_PHASE = 0
RESTART_SCAFF_STAGE = null
RESTART_SCAFF_FRONTIER = 0
PREPROCESS_SUFFIX = 0
K = 27
MAXR5 = 250
MAXTHREADREADS = 30
TRIM5 = 0
TRIM3 = 0
RECORD_ALL_THREADS = 0
TIPLENGTH = 81
MAXBUBBLELEN = 135
BUBBLEEDITRATE = 0.05
LOW_COV_THRESH = 5.0
MAX_LOW_COV_LEN = 54
MIN_THREAD_WEIGHT = 5
INSERT_LEN = 180
MIN_WIGGLE = 15
MIN_CTG_LEN = 27
MIN_UNIQUE_COV = 10.0
MAX_UNIQUE_COV = 30.0
MAX_FRONTIER = 15
RUN_STATS = null
N50_TARGET = -1
CONVERT_FA = null
PRINT_FA = null
FASTA_MIN_LEN = 100
FASTA_MIN_COV = 2.0

== Starting time 2014-10-15 12:06:59
----------Category ErrorCorrection starts at:Wed Oct 15 12:06:59 CDT 2014----------
  Quick Merge:	Pga 0.8.2
==================================================================================
Input: /home/hadoop/workspace/GraphSurf2/Data/
Workdir: /home/hadoop/workspace/GraphSurf2/ass/
localBasePath: work/
HADOOP_MAPPERS = 50
HADOOP_REDUCERS = 50
HADOOP_JAVA_OPTS = -Xmx1000m
HADOOP_TIMEOUT = 3600000
HADOOP_LOCALNODES = 1000
RESTART_INITIAL = 0
RESTART_TIP = 0
RESTART_TIP_REMAIN = 0
RESTART_COMPRESS = 0
RESTART_COMPRESS_REMAIN = 0
RESTART_SCAFF_PHASE = 0
RESTART_SCAFF_STAGE = null
RESTART_SCAFF_FRONTIER = 0
PREPROCESS_SUFFIX = 0
K = 27
MAXR5 = 250
MAXTHREADREADS = 30
TRIM5 = 0
TRIM3 = 0
RECORD_ALL_THREADS = 0
TIPLENGTH = 81
MAXBUBBLELEN = 135
BUBBLEEDITRATE = 0.05
LOW_COV_THRESH = 5.0
MAX_LOW_COV_LEN = 54
MIN_THREAD_WEIGHT = 5
INSERT_LEN = 180
MIN_WIGGLE = 15
MIN_CTG_LEN = 27
MIN_UNIQUE_COV = 10.0
MAX_UNIQUE_COV = 30.0
MAX_FRONTIER = 15
RUN_STATS = null
N50_TARGET = -1
CONVERT_FA = null
PRINT_FA = null
FASTA_MIN_LEN = 100
FASTA_MIN_COV = 2.0

== Starting time 2014-10-15 12:07:44
----------Category ErrorCorrection starts at:Wed Oct 15 12:07:44 CDT 2014----------
  Quick Merge:	Pga 0.8.2
==================================================================================
Input: /home/hadoop/workspace/GraphSurf2/Data/
Workdir: /home/hadoop/workspace/GraphSurf2/ass/
localBasePath: work/
HADOOP_MAPPERS = 50
HADOOP_REDUCERS = 50
HADOOP_JAVA_OPTS = -Xmx1000m
HADOOP_TIMEOUT = 3600000
HADOOP_LOCALNODES = 1000
RESTART_INITIAL = 0
RESTART_TIP = 0
RESTART_TIP_REMAIN = 0
RESTART_COMPRESS = 0
RESTART_COMPRESS_REMAIN = 0
RESTART_SCAFF_PHASE = 0
RESTART_SCAFF_STAGE = null
RESTART_SCAFF_FRONTIER = 0
PREPROCESS_SUFFIX = 0
K = 27
MAXR5 = 250
MAXTHREADREADS = 30
TRIM5 = 0
TRIM3 = 0
RECORD_ALL_THREADS = 0
TIPLENGTH = 81
MAXBUBBLELEN = 135
BUBBLEEDITRATE = 0.05
LOW_COV_THRESH = 5.0
MAX_LOW_COV_LEN = 54
MIN_THREAD_WEIGHT = 5
INSERT_LEN = 180
MIN_WIGGLE = 15
MIN_CTG_LEN = 27
MIN_UNIQUE_COV = 10.0
MAX_UNIQUE_COV = 30.0
MAX_FRONTIER = 15
RUN_STATS = null
N50_TARGET = -1
CONVERT_FA = null
PRINT_FA = null
FASTA_MIN_LEN = 100
FASTA_MIN_COV = 2.0

== Starting time 2014-10-15 12:09:49
----------Category GraphBuild starts at:Wed Oct 15 12:09:49 CDT 2014----------
Preprocess /home/hadoop/workspace/GraphSurf2/Data/:	Pga 0.8.2
==================================================================================
Input: /home/hadoop/workspace/GraphSurf2/Data/
Workdir: /home/hadoop/workspace/GraphSurf2/ass/
localBasePath: work/
HADOOP_MAPPERS = 50
HADOOP_REDUCERS = 50
HADOOP_JAVA_OPTS = -Xmx1000m
HADOOP_TIMEOUT = 3600000
HADOOP_LOCALNODES = 1000
RESTART_INITIAL = 0
RESTART_TIP = 0
RESTART_TIP_REMAIN = 0
RESTART_COMPRESS = 0
RESTART_COMPRESS_REMAIN = 0
RESTART_SCAFF_PHASE = 0
RESTART_SCAFF_STAGE = null
RESTART_SCAFF_FRONTIER = 0
PREPROCESS_SUFFIX = 0
K = 27
MAXR5 = 250
MAXTHREADREADS = 30
TRIM5 = 0
TRIM3 = 0
RECORD_ALL_THREADS = 0
TIPLENGTH = 81
MAXBUBBLELEN = 135
BUBBLEEDITRATE = 0.05
LOW_COV_THRESH = 5.0
MAX_LOW_COV_LEN = 54
MIN_THREAD_WEIGHT = 5
INSERT_LEN = 180
MIN_WIGGLE = 15
MIN_CTG_LEN = 27
MIN_UNIQUE_COV = 10.0
MAX_UNIQUE_COV = 30.0
MAX_FRONTIER = 15
RUN_STATS = null
N50_TARGET = -1
CONVERT_FA = null
PRINT_FA = null
FASTA_MIN_LEN = 100
FASTA_MIN_COV = 2.0

== Starting time 2014-10-16 22:14:22
----------Category GraphBuild starts at:Thu Oct 16 22:14:22 CDT 2014----------
Preprocess /home/hadoop/workspace/GraphSurf2/Data/:	Pga 0.8.2
==================================================================================
Input: /home/hadoop/workspace/GraphSurf2/Data/
Workdir: /home/hadoop/workspace/GraphSurf2/ass/
localBasePath: work/
HADOOP_MAPPERS = 50
HADOOP_REDUCERS = 50
HADOOP_JAVA_OPTS = -Xmx1000m
HADOOP_TIMEOUT = 3600000
HADOOP_LOCALNODES = 1000
RESTART_INITIAL = 0
RESTART_TIP = 0
RESTART_TIP_REMAIN = 0
RESTART_COMPRESS = 0
RESTART_COMPRESS_REMAIN = 0
RESTART_SCAFF_PHASE = 0
RESTART_SCAFF_STAGE = null
RESTART_SCAFF_FRONTIER = 0
PREPROCESS_SUFFIX = 0
K = 27
MAXR5 = 250
MAXTHREADREADS = 30
TRIM5 = 0
TRIM3 = 0
RECORD_ALL_THREADS = 0
TIPLENGTH = 81
MAXBUBBLELEN = 135
BUBBLEEDITRATE = 0.05
LOW_COV_THRESH = 5.0
MAX_LOW_COV_LEN = 54
MIN_THREAD_WEIGHT = 5
INSERT_LEN = 180
MIN_WIGGLE = 15
MIN_CTG_LEN = 27
MIN_UNIQUE_COV = 10.0
MAX_UNIQUE_COV = 30.0
MAX_FRONTIER = 15
RUN_STATS = null
N50_TARGET = -1
CONVERT_FA = null
PRINT_FA = null
FASTA_MIN_LEN = 100
FASTA_MIN_COV = 2.0

== Starting time 2014-11-06 08:11:12
----------Category ErrorCorrection starts at:Thu Nov 06 08:11:12 CST 2014----------
  Quick Merge:	Pga 0.8.2
==================================================================================
Input: /home/hadoop/workspace/GraphSurf2/Data/
Workdir: /home/hadoop/workspace/GraphSurf2/ass/
localBasePath: work/
HADOOP_MAPPERS = 50
HADOOP_REDUCERS = 50
HADOOP_JAVA_OPTS = -Xmx1000m
HADOOP_TIMEOUT = 3600000
HADOOP_LOCALNODES = 1000
RESTART_INITIAL = 0
RESTART_TIP = 0
RESTART_TIP_REMAIN = 0
RESTART_COMPRESS = 0
RESTART_COMPRESS_REMAIN = 0
RESTART_SCAFF_PHASE = 0
RESTART_SCAFF_STAGE = null
RESTART_SCAFF_FRONTIER = 0
PREPROCESS_SUFFIX = 0
K = 27
MAXR5 = 250
MAXTHREADREADS = 30
TRIM5 = 0
TRIM3 = 0
RECORD_ALL_THREADS = 0
TIPLENGTH = 81
MAXBUBBLELEN = 135
BUBBLEEDITRATE = 0.05
LOW_COV_THRESH = 5.0
MAX_LOW_COV_LEN = 54
MIN_THREAD_WEIGHT = 5
INSERT_LEN = 180
MIN_WIGGLE = 15
MIN_CTG_LEN = 27
MIN_UNIQUE_COV = 10.0
MAX_UNIQUE_COV = 30.0
MAX_FRONTIER = 15
RUN_STATS = null
N50_TARGET = -1
CONVERT_FA = null
PRINT_FA = null
FASTA_MIN_LEN = 100
FASTA_MIN_COV = 2.0
Zk Server List:qb021:2181,qb022:2181,qb023:2181,qb024:2181,qb025:2181,qb026:2181,qb027:2181,qb028:2181,qb029:2181,qb030:2181,qb031:2181,qb032:2181,qb033:2181,qb034:2181,qb035:2181,qb036:2181,qb037:2181,qb038:2181,qb039:2181,qb040:2181,qb041:2181,qb042:2181,qb043:2181,qb044:2181,qb045:2181,qb046:2181,qb047:2181,qb048:2181,qb049:2181,qb050:2181,qb051:2181,qb052:2181,qb053:2181,qb054:2181,qb055:2181,qb056:2181,qb057:2181,qb058:2181,qb059:2181,qb060:2181,qb061:2181,qb062:2181,qb063:2181,qb064:2181,qb065:2181,qb066:2181,qb067:2181,qb068:2181,qb069:2181,qb070:2181,qb071:2181,qb072:2181,qb073:2181,qb074:2181,qb075:2181,qb076:2181,qb077:2181,qb078:2181,qb079:2181,qb080:2181,qb081:2181,qb082:2181,qb083:2181,qb084:2181,qb085:2181,qb086:2181,qb087:2181,qb088:2181,qb089:2181,qb090:2181,qb091:2181,qb092:2181,qb093:2181,qb094:2181,qb095:2181,qb096:2181,qb097:2181,qb098:2181,qb099:2181,qb100:2181,qb101:2181,qb102:2181,qb103:2181,qb104:2181,qb105:2181,qb106:2181,qb107:2181,qb108:2181,qb109:2181,qb110:2181,qb111:2181,qb112:2181,qb113:2181,qb114:2181,qb115:2181,qb116:2181,qb117:2181,qb118:2181,qb119:2181,qb120:2181,qb121:2181,qb122:2181,qb123:2181,qb124:2181,qb125:2181,qb126:2181,qb127:2181,qb128:2181,qb129:2181,qb130:2181,qb131:2181,qb132:2181,qb133:2181,qb134:2181,qb135:2181,qb136:2181,qb137:2181,qb138:2181,qb139:2181,qb140:2181,qb141:2181,qb142:2181,qb143:2181,qb144:2181,qb145:2181,qb146:2181,qb147:2181,
== Starting time 2014-11-06 08:12:33
----------Category ErrorCorrection starts at:Thu Nov 06 08:12:33 CST 2014----------
  Quick Merge:	Pga 0.8.2
==================================================================================
Input: /home/hadoop/workspace/GraphSurf2/Data/
Workdir: /home/hadoop/workspace/GraphSurf2/ass/
localBasePath: work/
HADOOP_MAPPERS = 50
HADOOP_REDUCERS = 50
HADOOP_JAVA_OPTS = -Xmx1000m
HADOOP_TIMEOUT = 3600000
HADOOP_LOCALNODES = 1000
RESTART_INITIAL = 0
RESTART_TIP = 0
RESTART_TIP_REMAIN = 0
RESTART_COMPRESS = 0
RESTART_COMPRESS_REMAIN = 0
RESTART_SCAFF_PHASE = 0
RESTART_SCAFF_STAGE = null
RESTART_SCAFF_FRONTIER = 0
PREPROCESS_SUFFIX = 0
K = 27
MAXR5 = 250
MAXTHREADREADS = 30
TRIM5 = 0
TRIM3 = 0
RECORD_ALL_THREADS = 0
TIPLENGTH = 81
MAXBUBBLELEN = 135
BUBBLEEDITRATE = 0.05
LOW_COV_THRESH = 5.0
MAX_LOW_COV_LEN = 54
MIN_THREAD_WEIGHT = 5
INSERT_LEN = 180
MIN_WIGGLE = 15
MIN_CTG_LEN = 27
MIN_UNIQUE_COV = 10.0
MAX_UNIQUE_COV = 30.0
MAX_FRONTIER = 15
RUN_STATS = null
N50_TARGET = -1
CONVERT_FA = null
PRINT_FA = null
FASTA_MIN_LEN = 100
FASTA_MIN_COV = 2.0
Zk Server List:qb021:2181,qb022:2181,qb023:2181,qb024:2181,qb025:2181,qb026:2181,qb027:2181,qb028:2181,qb029:2181,qb030:2181,qb031:2181,qb032:2181,qb033:2181,qb034:2181,qb035:2181,qb036:2181,qb037:2181,qb038:2181,qb039:2181,qb040:2181,qb041:2181,qb042:2181,qb043:2181,qb044:2181,qb045:2181,qb046:2181,qb047:2181,qb048:2181,qb049:2181,qb050:2181,qb051:2181,qb052:2181,qb053:2181,qb054:2181,qb055:2181,qb056:2181,qb057:2181,qb058:2181,qb059:2181,qb060:2181,qb061:2181,qb062:2181,qb063:2181,qb064:2181,qb065:2181,qb066:2181,qb067:2181,qb068:2181,qb069:2181,qb070:2181,qb071:2181,qb072:2181,qb073:2181,qb074:2181,qb075:2181,qb076:2181,qb077:2181,qb078:2181,qb079:2181,qb080:2181,qb081:2181,qb082:2181,qb083:2181,qb084:2181,qb085:2181,qb086:2181,qb087:2181,qb088:2181,qb089:2181,qb090:2181,qb091:2181,qb092:2181,qb093:2181,qb094:2181,qb095:2181,qb096:2181,qb097:2181,qb098:2181,qb099:2181,qb100:2181,qb101:2181,qb102:2181,qb103:2181,qb104:2181,qb105:2181,qb106:2181,qb107:2181,qb108:2181,qb109:2181,qb110:2181,qb111:2181,qb112:2181,qb113:2181,qb114:2181,qb115:2181,qb116:2181,qb117:2181,qb118:2181,qb119:2181,qb120:2181,qb121:2181,qb122:2181,qb123:2181,qb124:2181,qb125:2181,qb126:2181,qb127:2181,qb128:2181,qb129:2181,qb130:2181,qb131:2181,qb132:2181,qb133:2181,qb134:2181,qb135:2181,qb136:2181,qb137:2181,qb138:2181,qb139:2181,qb140:2181,qb141:2181,qb142:2181,qb143:2181,qb144:2181,qb145:2181,qb146:2181,qb147:2181
== Starting time 2014-11-06 08:13:14
----------Category ErrorCorrection starts at:Thu Nov 06 08:13:14 CST 2014----------
  Quick Merge:	Pga 0.8.2
==================================================================================
Input: /home/hadoop/workspace/GraphSurf2/Data/
Workdir: /home/hadoop/workspace/GraphSurf2/ass/
localBasePath: work/
HADOOP_MAPPERS = 50
HADOOP_REDUCERS = 50
HADOOP_JAVA_OPTS = -Xmx1000m
HADOOP_TIMEOUT = 3600000
HADOOP_LOCALNODES = 1000
RESTART_INITIAL = 0
RESTART_TIP = 0
RESTART_TIP_REMAIN = 0
RESTART_COMPRESS = 0
RESTART_COMPRESS_REMAIN = 0
RESTART_SCAFF_PHASE = 0
RESTART_SCAFF_STAGE = null
RESTART_SCAFF_FRONTIER = 0
PREPROCESS_SUFFIX = 0
K = 27
MAXR5 = 250
MAXTHREADREADS = 30
TRIM5 = 0
TRIM3 = 0
RECORD_ALL_THREADS = 0
TIPLENGTH = 81
MAXBUBBLELEN = 135
BUBBLEEDITRATE = 0.05
LOW_COV_THRESH = 5.0
MAX_LOW_COV_LEN = 54
MIN_THREAD_WEIGHT = 5
INSERT_LEN = 180
MIN_WIGGLE = 15
MIN_CTG_LEN = 27
MIN_UNIQUE_COV = 10.0
MAX_UNIQUE_COV = 30.0
MAX_FRONTIER = 15
RUN_STATS = null
N50_TARGET = -1
CONVERT_FA = null
PRINT_FA = null
FASTA_MIN_LEN = 100
FASTA_MIN_COV = 2.0
Zk Server List:qb021:2181,qb022:2181,qb023:2181,qb024:2181,qb025:2181,qb026:2181,qb027:2181,qb028:2181,qb029:2181,qb030:2181,qb031:2181,qb032:2181,qb033:2181,qb034:2181,qb035:2181,qb036:2181,qb037:2181,qb038:2181,qb039:2181,qb040:2181,qb041:2181,qb042:2181,qb043:2181,qb044:2181,qb045:2181,qb046:2181,qb047:2181,qb048:2181,qb049:2181,qb050:2181,qb051:2181,qb052:2181,qb053:2181,qb054:2181,qb055:2181,qb056:2181,qb057:2181,qb058:2181,qb059:2181,qb060:2181,qb061:2181,qb062:2181,qb063:2181,qb064:2181,qb065:2181,qb066:2181,qb067:2181,qb068:2181,qb069:2181,qb070:2181,qb071:2181,qb072:2181,qb073:2181,qb074:2181,qb075:2181,qb076:2181,qb077:2181,qb078:2181,qb079:2181,qb080:2181,qb081:2181,qb082:2181,qb083:2181,qb084:2181,qb085:2181,qb086:2181,qb087:2181,qb088:2181,qb089:2181,qb090:2181,qb091:2181,qb092:2181,qb093:2181,qb094:2181,qb095:2181,qb096:2181,qb097:2181,qb098:2181,qb099:2181,qb100:2181,qb101:2181,qb102:2181,qb103:2181,qb104:2181,qb105:2181,qb106:2181,qb107:2181,qb108:2181,qb109:2181,qb110:2181,qb111:2181,qb112:2181,qb113:2181,qb114:2181,qb115:2181,qb116:2181,qb117:2181,qb118:2181,qb119:2181,qb120:2181,qb121:2181,qb122:2181,qb123:2181,qb124:2181,qb125:2181,qb126:2181,qb127:2181,qb128:2181,qb129:2181,qb130:2181,qb131:2181,qb132:2181,qb133:2181,qb134:2181,qb135:2181,qb136:2181,qb137:2181,qb138:2181,qb139:2181,qb140:2181,qb141:2181,qb142:2181,qb143:2181,qb144:2181,qb145:2181,qb146:2181,qb147:2181
== Starting time 2014-11-06 08:13:31
----------Category ErrorCorrection starts at:Thu Nov 06 08:13:31 CST 2014----------
  Quick Merge:	Pga 0.8.2
==================================================================================
Input: /home/hadoop/workspace/GraphSurf2/Data/
Workdir: /home/hadoop/workspace/GraphSurf2/ass/
localBasePath: work/
HADOOP_MAPPERS = 50
HADOOP_REDUCERS = 50
HADOOP_JAVA_OPTS = -Xmx1000m
HADOOP_TIMEOUT = 3600000
HADOOP_LOCALNODES = 1000
RESTART_INITIAL = 0
RESTART_TIP = 0
RESTART_TIP_REMAIN = 0
RESTART_COMPRESS = 0
RESTART_COMPRESS_REMAIN = 0
RESTART_SCAFF_PHASE = 0
RESTART_SCAFF_STAGE = null
RESTART_SCAFF_FRONTIER = 0
PREPROCESS_SUFFIX = 0
K = 27
MAXR5 = 250
MAXTHREADREADS = 30
TRIM5 = 0
TRIM3 = 0
RECORD_ALL_THREADS = 0
TIPLENGTH = 81
MAXBUBBLELEN = 135
BUBBLEEDITRATE = 0.05
LOW_COV_THRESH = 5.0
MAX_LOW_COV_LEN = 54
MIN_THREAD_WEIGHT = 5
INSERT_LEN = 180
MIN_WIGGLE = 15
MIN_CTG_LEN = 27
MIN_UNIQUE_COV = 10.0
MAX_UNIQUE_COV = 30.0
MAX_FRONTIER = 15
RUN_STATS = null
N50_TARGET = -1
CONVERT_FA = null
PRINT_FA = null
FASTA_MIN_LEN = 100
FASTA_MIN_COV = 2.0
Zk Server List:localhost:2181,localhost:2181
== Starting time 2014-11-06 23:37:07
----------Category ErrorCorrection starts at:Thu Nov 06 23:37:07 CST 2014----------
  Quick Merge:	